2018-07-08 17:19:46,886 [main] INFO  utility.helpers - Property - USERNAME is : acc_user
2018-07-08 17:19:46,896 [main] INFO  utility.helpers - Property - PASSWORD is : fea638af-7ead-4a37-8373-0ae17484af9f
2018-07-08 17:19:47,142 [main] INFO  utility.helpers - Test Case Name : timedOutAssetAttachment
2018-07-08 17:19:47,144 [main] INFO  utility.helpers - Property - HOST is : https://accbe-i01.int.diconium.com/acc
2018-07-08 17:19:47,146 [main] INFO  utility.helpers - Property - USERNAME is : acc_user
2018-07-08 17:19:47,147 [main] INFO  utility.helpers - Property - PASSWORD is : fea638af-7ead-4a37-8373-0ae17484af9f
2018-07-08 17:19:50,389 [main] INFO  utility.helpers - Property - HOST is : https://accbe-i01.int.diconium.com/acc
2018-07-08 17:19:50,393 [main] INFO  utility.helpers - Property - USERNAME is : acc_user
2018-07-08 17:19:50,393 [main] INFO  utility.helpers - Property - PASSWORD is : fea638af-7ead-4a37-8373-0ae17484af9f
2018-07-08 17:19:50,776 [main] INFO  utility.helpers - Property - HOST is : https://accbe-i01.int.diconium.com/acc
2018-07-08 17:19:50,778 [main] INFO  utility.helpers - Property - USERNAME is : acc_user
2018-07-08 17:19:50,778 [main] INFO  utility.helpers - Property - PASSWORD is : fea638af-7ead-4a37-8373-0ae17484af9f
2018-07-08 17:21:10,283 [main] INFO  utility.helpers - Property - HOST is : https://accbe-i01.int.diconium.com/acc
2018-07-08 17:21:16,218 [main] INFO  utility.helpers - Property - USERNAME is : acc_user
2018-07-08 17:21:16,220 [main] INFO  utility.helpers - Property - PASSWORD is : fea638af-7ead-4a37-8373-0ae17484af9f
2018-07-08 17:21:18,827 [main] INFO  utility.helpers - Property - HOST is : https://accbe-i01.int.diconium.com/acc
2018-07-08 17:21:18,853 [main] INFO  utility.helpers - Property - USERNAME is : acc_user
2018-07-08 17:21:18,854 [main] INFO  utility.helpers - Property - PASSWORD is : fea638af-7ead-4a37-8373-0ae17484af9f
2018-07-08 17:21:19,322 [main] INFO  utility.helpers - Property - HOST is : https://accbe-i01.int.diconium.com/acc
2018-07-08 17:21:19,325 [main] INFO  utility.helpers - Property - USERNAME is : acc_user
2018-07-08 17:21:19,326 [main] INFO  utility.helpers - Property - PASSWORD is : fea638af-7ead-4a37-8373-0ae17484af9f
2018-07-08 17:21:19,747 [main] INFO  utility.helpers - Property - HOST is : https://accbe-i01.int.diconium.com/acc
2018-07-08 17:21:19,749 [main] INFO  utility.helpers - Property - USERNAME is : acc_user
2018-07-08 17:21:19,750 [main] INFO  utility.helpers - Property - PASSWORD is : fea638af-7ead-4a37-8373-0ae17484af9f
2018-07-08 17:21:19,963 [main] INFO  utility.helpers - Property - HOST is : https://accbe-i01.int.diconium.com/acc
2018-07-08 17:21:19,966 [main] INFO  utility.helpers - Property - USERNAME is : acc_user
2018-07-08 17:21:19,967 [main] INFO  utility.helpers - Property - PASSWORD is : fea638af-7ead-4a37-8373-0ae17484af9f
2018-07-08 17:21:20,370 [main] INFO  utility.helpers - Property - HOST is : https://accbe-i01.int.diconium.com/acc
2018-07-08 17:21:20,373 [main] INFO  utility.helpers - Property - USERNAME is : acc_user
2018-07-08 17:21:20,374 [main] INFO  utility.helpers - Property - PASSWORD is : fea638af-7ead-4a37-8373-0ae17484af9f
2018-07-08 17:21:20,618 [main] INFO  utility.helpers - Test Case Name : timedOutAssetAttachment
2018-07-08 17:21:20,620 [main] INFO  utility.helpers - Property - HOST is : https://accbe-i01.int.diconium.com/acc
2018-07-08 17:21:20,622 [main] INFO  utility.helpers - Property - USERNAME is : acc_user
2018-07-08 17:21:20,623 [main] INFO  utility.helpers - Property - PASSWORD is : fea638af-7ead-4a37-8373-0ae17484af9f
2018-07-08 17:21:23,843 [main] INFO  utility.helpers - Property - HOST is : https://accbe-i01.int.diconium.com/acc
2018-07-08 17:21:23,848 [main] INFO  utility.helpers - Property - USERNAME is : acc_user
2018-07-08 17:21:23,849 [main] INFO  utility.helpers - Property - PASSWORD is : fea638af-7ead-4a37-8373-0ae17484af9f
2018-07-08 17:21:24,276 [main] INFO  utility.helpers - Property - HOST is : https://accbe-i01.int.diconium.com/acc
2018-07-08 17:21:24,278 [main] INFO  utility.helpers - Property - USERNAME is : acc_user
2018-07-08 17:21:24,279 [main] INFO  utility.helpers - Property - PASSWORD is : fea638af-7ead-4a37-8373-0ae17484af9f
2018-07-08 17:24:15,359 [main] INFO  utility.helpers - Property - HOST is : https://accbe-i01.int.diconium.com/acc
2018-07-08 17:24:21,040 [main] INFO  utility.helpers - Property - USERNAME is : acc_user
2018-07-08 17:24:21,043 [main] INFO  utility.helpers - Property - PASSWORD is : fea638af-7ead-4a37-8373-0ae17484af9f
2018-07-08 17:24:23,897 [main] INFO  utility.helpers - Property - HOST is : https://accbe-i01.int.diconium.com/acc
2018-07-08 17:24:23,920 [main] INFO  utility.helpers - Property - USERNAME is : acc_user
2018-07-08 17:24:23,922 [main] INFO  utility.helpers - Property - PASSWORD is : fea638af-7ead-4a37-8373-0ae17484af9f
2018-07-08 17:24:24,453 [main] INFO  utility.helpers - Property - HOST is : https://accbe-i01.int.diconium.com/acc
2018-07-08 17:24:24,454 [main] INFO  utility.helpers - Property - USERNAME is : acc_user
2018-07-08 17:24:24,455 [main] INFO  utility.helpers - Property - PASSWORD is : fea638af-7ead-4a37-8373-0ae17484af9f
2018-07-08 17:24:24,896 [main] INFO  utility.helpers - Property - HOST is : https://accbe-i01.int.diconium.com/acc
2018-07-08 17:24:24,898 [main] INFO  utility.helpers - Property - USERNAME is : acc_user
2018-07-08 17:24:24,899 [main] INFO  utility.helpers - Property - PASSWORD is : fea638af-7ead-4a37-8373-0ae17484af9f
2018-07-08 17:24:25,161 [main] INFO  utility.helpers - Property - HOST is : https://accbe-i01.int.diconium.com/acc
2018-07-08 17:24:25,167 [main] INFO  utility.helpers - Property - USERNAME is : acc_user
2018-07-08 17:24:25,168 [main] INFO  utility.helpers - Property - PASSWORD is : fea638af-7ead-4a37-8373-0ae17484af9f
2018-07-08 17:24:25,596 [main] INFO  utility.helpers - Property - HOST is : https://accbe-i01.int.diconium.com/acc
2018-07-08 17:24:25,597 [main] INFO  utility.helpers - Property - USERNAME is : acc_user
2018-07-08 17:24:25,598 [main] INFO  utility.helpers - Property - PASSWORD is : fea638af-7ead-4a37-8373-0ae17484af9f
2018-07-08 17:24:25,847 [main] INFO  utility.helpers - Test Case Name : timedOutAssetAttachment
2018-07-08 17:24:25,849 [main] INFO  utility.helpers - Property - HOST is : https://accbe-i01.int.diconium.com/acc
2018-07-08 17:24:25,854 [main] INFO  utility.helpers - Property - USERNAME is : acc_user
2018-07-08 17:24:25,856 [main] INFO  utility.helpers - Property - PASSWORD is : fea638af-7ead-4a37-8373-0ae17484af9f
2018-07-08 17:24:29,118 [main] INFO  utility.helpers - Property - HOST is : https://accbe-i01.int.diconium.com/acc
2018-07-08 17:24:29,124 [main] INFO  utility.helpers - Property - USERNAME is : acc_user
2018-07-08 17:24:29,125 [main] INFO  utility.helpers - Property - PASSWORD is : fea638af-7ead-4a37-8373-0ae17484af9f
2018-07-08 17:24:29,525 [main] INFO  utility.helpers - Property - HOST is : https://accbe-i01.int.diconium.com/acc
2018-07-08 17:24:29,527 [main] INFO  utility.helpers - Property - USERNAME is : acc_user
2018-07-08 17:24:29,528 [main] INFO  utility.helpers - Property - PASSWORD is : fea638af-7ead-4a37-8373-0ae17484af9f
2018-07-08 17:27:41,810 [main] INFO  utility.helpers - Property - HOST is : https://accbe-i01.int.diconium.com/acc
2018-07-08 17:27:48,251 [main] INFO  utility.helpers - Property - USERNAME is : acc_user
2018-07-08 17:27:48,252 [main] INFO  utility.helpers - Property - PASSWORD is : fea638af-7ead-4a37-8373-0ae17484af9f
2018-07-08 17:27:50,877 [main] INFO  utility.helpers - Property - HOST is : https://accbe-i01.int.diconium.com/acc
2018-07-08 17:27:50,900 [main] INFO  utility.helpers - Property - USERNAME is : acc_user
2018-07-08 17:27:50,900 [main] INFO  utility.helpers - Property - PASSWORD is : fea638af-7ead-4a37-8373-0ae17484af9f
2018-07-08 17:27:51,398 [main] INFO  utility.helpers - Property - HOST is : https://accbe-i01.int.diconium.com/acc
2018-07-08 17:27:51,400 [main] INFO  utility.helpers - Property - USERNAME is : acc_user
2018-07-08 17:27:51,401 [main] INFO  utility.helpers - Property - PASSWORD is : fea638af-7ead-4a37-8373-0ae17484af9f
2018-07-08 17:27:52,013 [main] INFO  utility.helpers - Property - HOST is : https://accbe-i01.int.diconium.com/acc
2018-07-08 17:27:52,015 [main] INFO  utility.helpers - Property - USERNAME is : acc_user
2018-07-08 17:27:52,015 [main] INFO  utility.helpers - Property - PASSWORD is : fea638af-7ead-4a37-8373-0ae17484af9f
2018-07-08 17:27:52,254 [main] INFO  utility.helpers - Property - HOST is : https://accbe-i01.int.diconium.com/acc
2018-07-08 17:27:52,258 [main] INFO  utility.helpers - Property - USERNAME is : acc_user
2018-07-08 17:27:52,258 [main] INFO  utility.helpers - Property - PASSWORD is : fea638af-7ead-4a37-8373-0ae17484af9f
2018-07-08 17:27:52,690 [main] INFO  utility.helpers - Property - HOST is : https://accbe-i01.int.diconium.com/acc
2018-07-08 17:27:52,691 [main] INFO  utility.helpers - Property - USERNAME is : acc_user
2018-07-08 17:27:52,692 [main] INFO  utility.helpers - Property - PASSWORD is : fea638af-7ead-4a37-8373-0ae17484af9f
2018-07-08 17:27:52,945 [main] INFO  utility.helpers - Test Case Name : timedOutAssetAttachment
2018-07-08 17:27:52,946 [main] INFO  utility.helpers - Property - HOST is : https://accbe-i01.int.diconium.com/acc
2018-07-08 17:27:52,949 [main] INFO  utility.helpers - Property - USERNAME is : acc_user
2018-07-08 17:27:52,949 [main] INFO  utility.helpers - Property - PASSWORD is : fea638af-7ead-4a37-8373-0ae17484af9f
2018-07-08 17:27:56,213 [main] INFO  utility.helpers - Property - HOST is : https://accbe-i01.int.diconium.com/acc
2018-07-08 17:27:56,219 [main] INFO  utility.helpers - Property - USERNAME is : acc_user
2018-07-08 17:27:56,220 [main] INFO  utility.helpers - Property - PASSWORD is : fea638af-7ead-4a37-8373-0ae17484af9f
2018-07-08 17:27:56,630 [main] INFO  utility.helpers - Property - HOST is : https://accbe-i01.int.diconium.com/acc
2018-07-08 17:27:56,632 [main] INFO  utility.helpers - Property - USERNAME is : acc_user
2018-07-08 17:27:56,633 [main] INFO  utility.helpers - Property - PASSWORD is : fea638af-7ead-4a37-8373-0ae17484af9f
2018-07-08 17:29:45,232 [main] INFO  utility.CustomListener - Test suite: ACC
2018-07-08 17:29:45,292 [main] INFO  utility.CustomListener - Starting test sampleAccTests.overloadedAssetAttachment()[pri:0, instance:acc_timeOut.sampleAccTests@31e22365]
2018-07-08 17:29:45,361 [main] INFO  utility.helpers - Property - HOST is : https://accbe-i01.int.diconium.com/acc
2018-07-08 17:29:51,065 [main] INFO  utility.helpers - Property - USERNAME is : acc_user
2018-07-08 17:29:51,069 [main] INFO  utility.helpers - Property - PASSWORD is : fea638af-7ead-4a37-8373-0ae17484af9f
2018-07-08 17:29:53,521 [main] INFO  utility.helpers - Property - HOST is : https://accbe-i01.int.diconium.com/acc
2018-07-08 17:29:53,546 [main] INFO  utility.helpers - Property - USERNAME is : acc_user
2018-07-08 17:29:53,547 [main] INFO  utility.helpers - Property - PASSWORD is : fea638af-7ead-4a37-8373-0ae17484af9f
2018-07-08 17:29:54,038 [main] INFO  utility.helpers - Property - HOST is : https://accbe-i01.int.diconium.com/acc
2018-07-08 17:29:54,040 [main] INFO  utility.helpers - Property - USERNAME is : acc_user
2018-07-08 17:29:54,040 [main] INFO  utility.helpers - Property - PASSWORD is : fea638af-7ead-4a37-8373-0ae17484af9f
2018-07-08 17:29:54,466 [main] INFO  utility.CustomListener - overloadedAssetAttachment --- SUCCESS ---

2018-07-08 17:29:54,470 [main] INFO  utility.CustomListener - Starting test sampleAccTests.permittedAssetAttachment()[pri:0, instance:acc_timeOut.sampleAccTests@31e22365]
2018-07-08 17:29:54,473 [main] INFO  utility.helpers - Property - HOST is : https://accbe-i01.int.diconium.com/acc
2018-07-08 17:29:54,478 [main] INFO  utility.helpers - Property - USERNAME is : acc_user
2018-07-08 17:29:54,479 [main] INFO  utility.helpers - Property - PASSWORD is : fea638af-7ead-4a37-8373-0ae17484af9f
2018-07-08 17:29:54,717 [main] INFO  utility.helpers - Property - HOST is : https://accbe-i01.int.diconium.com/acc
2018-07-08 17:29:54,721 [main] INFO  utility.helpers - Property - USERNAME is : acc_user
2018-07-08 17:29:54,722 [main] INFO  utility.helpers - Property - PASSWORD is : fea638af-7ead-4a37-8373-0ae17484af9f
2018-07-08 17:29:55,161 [main] INFO  utility.CustomListener - permittedAssetAttachment --- SUCCESS ---

2018-07-08 17:29:55,161 [main] INFO  utility.CustomListener - Starting test sampleAccTests.testClaimCreation()[pri:0, instance:acc_timeOut.sampleAccTests@31e22365]
2018-07-08 17:29:55,163 [main] INFO  utility.helpers - Property - HOST is : https://accbe-i01.int.diconium.com/acc
2018-07-08 17:29:55,164 [main] INFO  utility.helpers - Property - USERNAME is : acc_user
2018-07-08 17:29:55,165 [main] INFO  utility.helpers - Property - PASSWORD is : fea638af-7ead-4a37-8373-0ae17484af9f
2018-07-08 17:29:55,388 [main] INFO  utility.CustomListener - testClaimCreation --- SUCCESS ---

2018-07-08 17:29:55,389 [main] INFO  utility.CustomListener - Starting test sampleAccTests.timedOutAssetAttachment()[pri:0, instance:acc_timeOut.sampleAccTests@31e22365]
2018-07-08 17:29:55,390 [main] INFO  utility.helpers - Test Case Name : timedOutAssetAttachment
2018-07-08 17:29:55,391 [main] INFO  utility.helpers - Property - HOST is : https://accbe-i01.int.diconium.com/acc
2018-07-08 17:29:55,398 [main] INFO  utility.helpers - Property - USERNAME is : acc_user
2018-07-08 17:29:55,399 [main] INFO  utility.helpers - Property - PASSWORD is : fea638af-7ead-4a37-8373-0ae17484af9f
2018-07-08 17:29:58,648 [main] INFO  utility.helpers - Property - HOST is : https://accbe-i01.int.diconium.com/acc
2018-07-08 17:29:58,652 [main] INFO  utility.helpers - Property - USERNAME is : acc_user
2018-07-08 17:29:58,653 [main] INFO  utility.helpers - Property - PASSWORD is : fea638af-7ead-4a37-8373-0ae17484af9f
2018-07-08 17:29:59,047 [main] INFO  utility.helpers - Property - HOST is : https://accbe-i01.int.diconium.com/acc
2018-07-08 17:29:59,049 [main] INFO  utility.helpers - Property - USERNAME is : acc_user
2018-07-08 17:29:59,049 [main] INFO  utility.helpers - Property - PASSWORD is : fea638af-7ead-4a37-8373-0ae17484af9f
2018-07-08 17:29:59,444 [main] ERROR utility.CustomListener - timedOutAssetAttachment --- FAILED --- 
2018-07-08 17:29:59,444 [main] ERROR utility.CustomListener - java.lang.AssertionError: Failure message expected [810] but found [0]

2018-07-08 17:39:29,142 [main] INFO  utility.CustomListener - Test suite: ACC
2018-07-08 17:39:29,204 [main] INFO  utility.CustomListener - Starting test sampleAccTests.overloadedAssetAttachment()[pri:0, instance:acc_timeOut.sampleAccTests@7323dce7]
2018-07-08 17:39:29,282 [main] INFO  utility.helpers - Property - HOST is : https://accbe-i01.int.diconium.com/acc
2018-07-08 17:39:34,753 [main] INFO  utility.helpers - Property - USERNAME is : acc_user
2018-07-08 17:39:34,754 [main] INFO  utility.helpers - Property - PASSWORD is : fea638af-7ead-4a37-8373-0ae17484af9f
2018-07-08 17:39:37,177 [main] INFO  utility.helpers - Property - HOST is : https://accbe-i01.int.diconium.com/acc
2018-07-08 17:39:37,201 [main] INFO  utility.helpers - Property - USERNAME is : acc_user
2018-07-08 17:39:37,202 [main] INFO  utility.helpers - Property - PASSWORD is : fea638af-7ead-4a37-8373-0ae17484af9f
2018-07-08 17:39:37,691 [main] INFO  utility.helpers - Property - HOST is : https://accbe-i01.int.diconium.com/acc
2018-07-08 17:39:37,694 [main] INFO  utility.helpers - Property - USERNAME is : acc_user
2018-07-08 17:39:37,695 [main] INFO  utility.helpers - Property - PASSWORD is : fea638af-7ead-4a37-8373-0ae17484af9f
2018-07-08 17:39:38,124 [main] INFO  utility.CustomListener - overloadedAssetAttachment --- SUCCESS ---

2018-07-08 17:39:38,127 [main] INFO  utility.CustomListener - Starting test sampleAccTests.permittedAssetAttachment()[pri:0, instance:acc_timeOut.sampleAccTests@7323dce7]
2018-07-08 17:39:38,130 [main] INFO  utility.helpers - Property - HOST is : https://accbe-i01.int.diconium.com/acc
2018-07-08 17:39:38,132 [main] INFO  utility.helpers - Property - USERNAME is : acc_user
2018-07-08 17:39:38,133 [main] INFO  utility.helpers - Property - PASSWORD is : fea638af-7ead-4a37-8373-0ae17484af9f
2018-07-08 17:39:38,391 [main] INFO  utility.helpers - Property - HOST is : https://accbe-i01.int.diconium.com/acc
2018-07-08 17:39:38,396 [main] INFO  utility.helpers - Property - USERNAME is : acc_user
2018-07-08 17:39:38,397 [main] INFO  utility.helpers - Property - PASSWORD is : fea638af-7ead-4a37-8373-0ae17484af9f
2018-07-08 17:39:38,802 [main] INFO  utility.CustomListener - permittedAssetAttachment --- SUCCESS ---

2018-07-08 17:39:38,803 [main] INFO  utility.CustomListener - Starting test sampleAccTests.testClaimCreation()[pri:0, instance:acc_timeOut.sampleAccTests@7323dce7]
2018-07-08 17:39:38,804 [main] INFO  utility.helpers - Property - HOST is : https://accbe-i01.int.diconium.com/acc
2018-07-08 17:39:38,805 [main] INFO  utility.helpers - Property - USERNAME is : acc_user
2018-07-08 17:39:38,806 [main] INFO  utility.helpers - Property - PASSWORD is : fea638af-7ead-4a37-8373-0ae17484af9f
2018-07-08 17:39:39,048 [main] INFO  utility.CustomListener - testClaimCreation --- SUCCESS ---

2018-07-08 17:39:39,049 [main] INFO  utility.CustomListener - Starting test sampleAccTests.timedOutAssetAttachment()[pri:0, instance:acc_timeOut.sampleAccTests@7323dce7]
2018-07-08 17:39:39,050 [main] INFO  utility.helpers - Test Case Name : timedOutAssetAttachment
2018-07-08 17:39:39,051 [main] INFO  utility.helpers - Property - HOST is : https://accbe-i01.int.diconium.com/acc
2018-07-08 17:39:39,054 [main] INFO  utility.helpers - Property - USERNAME is : acc_user
2018-07-08 17:39:39,054 [main] INFO  utility.helpers - Property - PASSWORD is : fea638af-7ead-4a37-8373-0ae17484af9f
2018-07-08 17:39:42,306 [main] INFO  utility.helpers - Property - HOST is : https://accbe-i01.int.diconium.com/acc
2018-07-08 17:39:42,308 [main] INFO  utility.helpers - Property - USERNAME is : acc_user
2018-07-08 17:39:42,309 [main] INFO  utility.helpers - Property - PASSWORD is : fea638af-7ead-4a37-8373-0ae17484af9f
2018-07-08 17:39:42,691 [main] INFO  utility.helpers - Property - HOST is : https://accbe-i01.int.diconium.com/acc
2018-07-08 17:39:42,693 [main] INFO  utility.helpers - Property - USERNAME is : acc_user
2018-07-08 17:39:42,694 [main] INFO  utility.helpers - Property - PASSWORD is : fea638af-7ead-4a37-8373-0ae17484af9f
2018-07-08 17:39:43,081 [main] ERROR utility.CustomListener - timedOutAssetAttachment --- FAILED --- 
2018-07-08 17:39:43,081 [main] ERROR utility.CustomListener - java.lang.AssertionError: Failure message expected [810] but found [0]

2018-07-08 17:50:00,499 [main] INFO  utility.CustomListener - Test suite: ACC
2018-07-08 17:50:00,551 [main] INFO  utility.CustomListener - Starting test sampleAccTests.overloadedAssetAttachment()[pri:0, instance:acc_timeOut.sampleAccTests@5b5b8730]
2018-07-08 17:50:00,621 [main] INFO  utility.helpers - Property - HOST is : https://accbe-i01.int.diconium.com/acc
2018-07-08 17:50:05,328 [main] INFO  utility.helpers - Property - USERNAME is : acc_user
2018-07-08 17:50:05,333 [main] INFO  utility.helpers - Property - PASSWORD is : fea638af-7ead-4a37-8373-0ae17484af9f
2018-07-08 17:50:07,727 [main] INFO  utility.helpers - Property - HOST is : https://accbe-i01.int.diconium.com/acc
2018-07-08 17:50:07,752 [main] INFO  utility.helpers - Property - USERNAME is : acc_user
2018-07-08 17:50:07,753 [main] INFO  utility.helpers - Property - PASSWORD is : fea638af-7ead-4a37-8373-0ae17484af9f
2018-07-08 17:50:08,234 [main] INFO  utility.helpers - Property - HOST is : https://accbe-i01.int.diconium.com/acc
2018-07-08 17:50:08,237 [main] INFO  utility.helpers - Property - USERNAME is : acc_user
2018-07-08 17:50:08,237 [main] INFO  utility.helpers - Property - PASSWORD is : fea638af-7ead-4a37-8373-0ae17484af9f
2018-07-08 17:50:08,649 [main] INFO  utility.CustomListener - overloadedAssetAttachment --- SUCCESS ---

2018-07-08 17:50:08,655 [main] INFO  utility.CustomListener - Starting test sampleAccTests.permittedAssetAttachment()[pri:0, instance:acc_timeOut.sampleAccTests@5b5b8730]
2018-07-08 17:50:08,660 [main] INFO  utility.helpers - Property - HOST is : https://accbe-i01.int.diconium.com/acc
2018-07-08 17:50:08,662 [main] INFO  utility.helpers - Property - USERNAME is : acc_user
2018-07-08 17:50:08,663 [main] INFO  utility.helpers - Property - PASSWORD is : fea638af-7ead-4a37-8373-0ae17484af9f
2018-07-08 17:50:08,903 [main] INFO  utility.helpers - Property - HOST is : https://accbe-i01.int.diconium.com/acc
2018-07-08 17:50:08,907 [main] INFO  utility.helpers - Property - USERNAME is : acc_user
2018-07-08 17:50:08,908 [main] INFO  utility.helpers - Property - PASSWORD is : fea638af-7ead-4a37-8373-0ae17484af9f
2018-07-08 17:50:09,304 [main] INFO  utility.CustomListener - permittedAssetAttachment --- SUCCESS ---

2018-07-08 17:50:09,305 [main] INFO  utility.CustomListener - Starting test sampleAccTests.testClaimCreation()[pri:0, instance:acc_timeOut.sampleAccTests@5b5b8730]
2018-07-08 17:50:09,307 [main] INFO  utility.helpers - Property - HOST is : https://accbe-i01.int.diconium.com/acc
2018-07-08 17:50:09,309 [main] INFO  utility.helpers - Property - USERNAME is : acc_user
2018-07-08 17:50:09,310 [main] INFO  utility.helpers - Property - PASSWORD is : fea638af-7ead-4a37-8373-0ae17484af9f
2018-07-08 17:50:09,540 [main] INFO  utility.CustomListener - testClaimCreation --- SUCCESS ---

2018-07-08 17:50:09,541 [main] INFO  utility.CustomListener - Starting test sampleAccTests.timedOutAssetAttachment()[pri:0, instance:acc_timeOut.sampleAccTests@5b5b8730]
2018-07-08 17:50:09,542 [main] INFO  utility.helpers - Test Case Name : timedOutAssetAttachment
2018-07-08 17:50:09,546 [main] INFO  utility.helpers - Property - HOST is : https://accbe-i01.int.diconium.com/acc
2018-07-08 17:50:09,551 [main] INFO  utility.helpers - Property - USERNAME is : acc_user
2018-07-08 17:50:09,552 [main] INFO  utility.helpers - Property - PASSWORD is : fea638af-7ead-4a37-8373-0ae17484af9f
2018-07-08 17:50:12,784 [main] INFO  utility.helpers - Property - HOST is : https://accbe-i01.int.diconium.com/acc
2018-07-08 17:50:12,788 [main] INFO  utility.helpers - Property - USERNAME is : acc_user
2018-07-08 17:50:12,789 [main] INFO  utility.helpers - Property - PASSWORD is : fea638af-7ead-4a37-8373-0ae17484af9f
2018-07-08 17:50:13,191 [main] INFO  utility.helpers - Property - HOST is : https://accbe-i01.int.diconium.com/acc
2018-07-08 17:50:13,192 [main] INFO  utility.helpers - Property - USERNAME is : acc_user
2018-07-08 17:50:13,193 [main] INFO  utility.helpers - Property - PASSWORD is : fea638af-7ead-4a37-8373-0ae17484af9f
2018-07-08 17:50:13,588 [main] ERROR utility.CustomListener - timedOutAssetAttachment --- FAILED --- 
2018-07-08 17:50:13,588 [main] ERROR utility.CustomListener - java.lang.AssertionError: Failure message expected [810] but found [0]

